[debug] [2021-11-13T15:40:00.851Z] ----------------------------------------------------------------------
[debug] [2021-11-13T15:40:00.853Z] Command:       /Users/svelo/.nvm/versions/node/v14.16.1/bin/node /Users/svelo/.nvm/versions/node/v14.16.1/bin/firebase emulators:start --only functions
[debug] [2021-11-13T15:40:00.853Z] CLI Version:   9.17.0
[debug] [2021-11-13T15:40:00.853Z] Platform:      darwin
[debug] [2021-11-13T15:40:00.853Z] Node Version:  v14.16.1
[debug] [2021-11-13T15:40:00.855Z] Time:          Sat Nov 13 2021 12:40:00 GMT-0300 (Argentina Standard Time)
[debug] [2021-11-13T15:40:00.855Z] ----------------------------------------------------------------------
[debug] 
[debug] [2021-11-13T15:40:00.906Z] > command requires scopes: ["email","openid","https://www.googleapis.com/auth/cloudplatformprojects.readonly","https://www.googleapis.com/auth/firebase","https://www.googleapis.com/auth/cloud-platform"]
[debug] [2021-11-13T15:40:00.907Z] > authorizing via signed-in user (sebast.velo@gmail.com)
[info] i  emulators: Starting emulators: functions {"metadata":{"emulator":{"name":"hub"},"message":"Starting emulators: functions"}}
[debug] [2021-11-13T15:40:00.925Z] [hub] writing locator at /var/folders/7z/62g3pnwd05q_3l9wx21pp884zwr9wf/T/hub-template.json
[warn] ⚠  functions: The following emulators are not running, calls to these services from the Functions emulator will affect production: auth, firestore, database, hosting, pubsub, storage {"metadata":{"emulator":{"name":"functions"},"message":"The following emulators are not running, calls to these services from the Functions emulator will affect production: \u001b[1mauth, firestore, database, hosting, pubsub, storage\u001b[22m"}}
[info] ✔  functions: Using node@14 from host. {"metadata":{"emulator":{"name":"functions"},"message":"Using node@14 from host."}}
[debug] [2021-11-13T15:40:00.959Z] defaultcredentials: writing to file /Users/svelo/.config/firebase/sebast_velo_gmail.com_application_default_credentials.json
[debug] [2021-11-13T15:40:00.963Z] Setting GAC to /Users/svelo/.config/firebase/sebast_velo_gmail.com_application_default_credentials.json {"metadata":{"emulator":{"name":"functions"},"message":"Setting GAC to /Users/svelo/.config/firebase/sebast_velo_gmail.com_application_default_credentials.json"}}
[debug] [2021-11-13T15:40:00.965Z] >>> [apiv2][query] GET https://firebase.googleapis.com/v1beta1/projects/template/adminSdkConfig [none]
[debug] [2021-11-13T15:40:02.199Z] <<< [apiv2][status] GET https://firebase.googleapis.com/v1beta1/projects/template/adminSdkConfig 403
[debug] [2021-11-13T15:40:02.199Z] <<< [apiv2][body] GET https://firebase.googleapis.com/v1beta1/projects/template/adminSdkConfig {"error":{"code":403,"message":"The caller does not have permission","status":"PERMISSION_DENIED"}}
[debug] [2021-11-13T15:40:02.200Z] Failed to get Admin SDK config for template, falling back to cache Failed to get Admin SDK for Firebase project template. Please make sure the project exists and your account has permission to access it. {"name":"FirebaseError","children":[],"exit":2,"message":"Failed to get Admin SDK for Firebase project template. Please make sure the project exists and your account has permission to access it.","original":{"name":"FirebaseError","children":[],"context":{"body":{"error":{"code":403,"message":"The caller does not have permission","status":"PERMISSION_DENIED"}},"response":{"statusCode":403}},"exit":1,"message":"HTTP Error: 403, The caller does not have permission","status":403},"status":500}
[warn] ⚠  functions: Unable to fetch project Admin SDK configuration, Admin SDK behavior in Cloud Functions emulator may be incorrect. {"metadata":{"emulator":{"name":"functions"},"message":"Unable to fetch project Admin SDK configuration, Admin SDK behavior in Cloud Functions emulator may be incorrect."}}
[debug] [2021-11-13T15:40:02.217Z] Ignoring unsupported arg: auto_download {"metadata":{"emulator":{"name":"ui"},"message":"Ignoring unsupported arg: auto_download"}}
[debug] [2021-11-13T15:40:02.218Z] Ignoring unsupported arg: port {"metadata":{"emulator":{"name":"ui"},"message":"Ignoring unsupported arg: port"}}
[debug] [2021-11-13T15:40:02.218Z] Starting Emulator UI with command {"binary":"node","args":["/Users/svelo/.cache/firebase/emulators/ui-v1.6.3/server.bundle.js"],"optionalArgs":[],"joinArgs":false} {"metadata":{"emulator":{"name":"ui"},"message":"Starting Emulator UI with command {\"binary\":\"node\",\"args\":[\"/Users/svelo/.cache/firebase/emulators/ui-v1.6.3/server.bundle.js\"],\"optionalArgs\":[],\"joinArgs\":false}"}}
[info] i  ui: Emulator UI logging to ui-debug.log {"metadata":{"emulator":{"name":"ui"},"message":"Emulator UI logging to \u001b[1mui-debug.log\u001b[22m"}}
[debug] [2021-11-13T15:40:02.332Z] Web / API server started at localhost:4000
 {"metadata":{"emulator":{"name":"ui"},"message":"Web / API server started at localhost:4000\n"}}
[info] i  functions: Watching "/Users/svelo/Desktop/sebastian/workspaces/js/template-express-ts-firebase/functions" for Cloud Functions... {"metadata":{"emulator":{"name":"functions"},"message":"Watching \"/Users/svelo/Desktop/sebastian/workspaces/js/template-express-ts-firebase/functions\" for Cloud Functions..."}}
[debug] [2021-11-13T15:40:02.512Z] [worker-pool] addWorker(~diagnostic~) {"metadata":{"emulator":{"name":"functions"},"message":"[worker-pool] addWorker(~diagnostic~)"}}
[debug] [2021-11-13T15:40:02.513Z] [worker-pool] Adding worker with key ~diagnostic~, total=1 {"metadata":{"emulator":{"name":"functions"},"message":"[worker-pool] Adding worker with key ~diagnostic~, total=1"}}
[debug] [2021-11-13T15:40:02.513Z] [worker-pool] submitWork(triggerId=) {"metadata":{"emulator":{"name":"functions"},"message":"[worker-pool] submitWork(triggerId=)"}}
[debug] [2021-11-13T15:40:02.513Z] [worker-~diagnostic~-fdbc3537-d96d-4695-846f-01b90b2f690e]: Assigning socketPath: /var/folders/7z/62g3pnwd05q_3l9wx21pp884zwr9wf/T/fire_emu_89398.sock {"metadata":{"emulator":{"name":"functions"},"message":"[worker-~diagnostic~-fdbc3537-d96d-4695-846f-01b90b2f690e]: Assigning socketPath: /var/folders/7z/62g3pnwd05q_3l9wx21pp884zwr9wf/T/fire_emu_89398.sock"}}
[debug] [2021-11-13T15:40:02.514Z] [worker-~diagnostic~-fdbc3537-d96d-4695-846f-01b90b2f690e]: BUSY {"metadata":{"emulator":{"name":"functions"},"message":"[worker-~diagnostic~-fdbc3537-d96d-4695-846f-01b90b2f690e]: BUSY"}}
[debug] [2021-11-13T15:40:02.778Z] [runtime-status] [89398] Functions runtime initialized. {"cwd":"/Users/svelo/Desktop/sebastian/workspaces/js/template-express-ts-firebase/functions","node_version":"14.16.1"} {"metadata":{"emulator":{"name":"functions"},"message":"[runtime-status] [89398] Functions runtime initialized. {\"cwd\":\"/Users/svelo/Desktop/sebastian/workspaces/js/template-express-ts-firebase/functions\",\"node_version\":\"14.16.1\"}"}}
[debug] [2021-11-13T15:40:02.779Z] [runtime-status] [89398] Disabled runtime features: undefined {"metadata":{"emulator":{"name":"functions"},"message":"[runtime-status] [89398] Disabled runtime features: undefined"}}
[debug] [2021-11-13T15:40:02.781Z] [runtime-status] [89398] Resolved module firebase-admin {"declared":true,"installed":true,"version":"9.12.0","resolution":"/Users/svelo/Desktop/sebastian/workspaces/js/template-express-ts-firebase/functions/node_modules/firebase-admin/lib/index.js"} {"metadata":{"emulator":{"name":"functions"},"message":"[runtime-status] [89398] Resolved module firebase-admin {\"declared\":true,\"installed\":true,\"version\":\"9.12.0\",\"resolution\":\"/Users/svelo/Desktop/sebastian/workspaces/js/template-express-ts-firebase/functions/node_modules/firebase-admin/lib/index.js\"}"}}
[debug] [2021-11-13T15:40:02.784Z] [runtime-status] [89398] Resolved module firebase-functions {"declared":true,"installed":true,"version":"3.16.0","resolution":"/Users/svelo/Desktop/sebastian/workspaces/js/template-express-ts-firebase/functions/node_modules/firebase-functions/lib/index.js"} {"metadata":{"emulator":{"name":"functions"},"message":"[runtime-status] [89398] Resolved module firebase-functions {\"declared\":true,\"installed\":true,\"version\":\"3.16.0\",\"resolution\":\"/Users/svelo/Desktop/sebastian/workspaces/js/template-express-ts-firebase/functions/node_modules/firebase-functions/lib/index.js\"}"}}
[debug] [2021-11-13T15:40:02.786Z] [runtime-status] [89398] Resolved module firebase-functions {"declared":true,"installed":true,"version":"3.16.0","resolution":"/Users/svelo/Desktop/sebastian/workspaces/js/template-express-ts-firebase/functions/node_modules/firebase-functions/lib/index.js"} {"metadata":{"emulator":{"name":"functions"},"message":"[runtime-status] [89398] Resolved module firebase-functions {\"declared\":true,\"installed\":true,\"version\":\"3.16.0\",\"resolution\":\"/Users/svelo/Desktop/sebastian/workspaces/js/template-express-ts-firebase/functions/node_modules/firebase-functions/lib/index.js\"}"}}
[debug] [2021-11-13T15:40:02.788Z] [runtime-status] [89398] Outgoing network have been stubbed. [{"name":"http","status":"mocked"},{"name":"http","status":"mocked"},{"name":"https","status":"mocked"},{"name":"https","status":"mocked"},{"name":"net","status":"mocked"}] {"metadata":{"emulator":{"name":"functions"},"message":"[runtime-status] [89398] Outgoing network have been stubbed. [{\"name\":\"http\",\"status\":\"mocked\"},{\"name\":\"http\",\"status\":\"mocked\"},{\"name\":\"https\",\"status\":\"mocked\"},{\"name\":\"https\",\"status\":\"mocked\"},{\"name\":\"net\",\"status\":\"mocked\"}]"}}
[debug] [2021-11-13T15:40:02.789Z] [runtime-status] [89398] Resolved module firebase-functions {"declared":true,"installed":true,"version":"3.16.0","resolution":"/Users/svelo/Desktop/sebastian/workspaces/js/template-express-ts-firebase/functions/node_modules/firebase-functions/lib/index.js"} {"metadata":{"emulator":{"name":"functions"},"message":"[runtime-status] [89398] Resolved module firebase-functions {\"declared\":true,\"installed\":true,\"version\":\"3.16.0\",\"resolution\":\"/Users/svelo/Desktop/sebastian/workspaces/js/template-express-ts-firebase/functions/node_modules/firebase-functions/lib/index.js\"}"}}
[debug] [2021-11-13T15:40:02.824Z] [runtime-status] [89398] Checked functions.config() {"config":{}} {"metadata":{"emulator":{"name":"functions"},"message":"[runtime-status] [89398] Checked functions.config() {\"config\":{}}"}}
[debug] [2021-11-13T15:40:02.825Z] [runtime-status] [89398] firebase-functions has been stubbed. {"functionsResolution":{"declared":true,"installed":true,"version":"3.16.0","resolution":"/Users/svelo/Desktop/sebastian/workspaces/js/template-express-ts-firebase/functions/node_modules/firebase-functions/lib/index.js"}} {"metadata":{"emulator":{"name":"functions"},"message":"[runtime-status] [89398] firebase-functions has been stubbed. {\"functionsResolution\":{\"declared\":true,\"installed\":true,\"version\":\"3.16.0\",\"resolution\":\"/Users/svelo/Desktop/sebastian/workspaces/js/template-express-ts-firebase/functions/node_modules/firebase-functions/lib/index.js\"}}"}}
[debug] [2021-11-13T15:40:02.825Z] [runtime-status] [89398] Resolved module firebase-functions {"declared":true,"installed":true,"version":"3.16.0","resolution":"/Users/svelo/Desktop/sebastian/workspaces/js/template-express-ts-firebase/functions/node_modules/firebase-functions/lib/index.js"} {"metadata":{"emulator":{"name":"functions"},"message":"[runtime-status] [89398] Resolved module firebase-functions {\"declared\":true,\"installed\":true,\"version\":\"3.16.0\",\"resolution\":\"/Users/svelo/Desktop/sebastian/workspaces/js/template-express-ts-firebase/functions/node_modules/firebase-functions/lib/index.js\"}"}}
[debug] [2021-11-13T15:40:02.826Z] [runtime-status] [89398] Resolved module firebase-admin {"declared":true,"installed":true,"version":"9.12.0","resolution":"/Users/svelo/Desktop/sebastian/workspaces/js/template-express-ts-firebase/functions/node_modules/firebase-admin/lib/index.js"} {"metadata":{"emulator":{"name":"functions"},"message":"[runtime-status] [89398] Resolved module firebase-admin {\"declared\":true,\"installed\":true,\"version\":\"9.12.0\",\"resolution\":\"/Users/svelo/Desktop/sebastian/workspaces/js/template-express-ts-firebase/functions/node_modules/firebase-admin/lib/index.js\"}"}}
[debug] [2021-11-13T15:40:02.826Z] [runtime-status] [89398] Resolved module firebase-functions {"declared":true,"installed":true,"version":"3.16.0","resolution":"/Users/svelo/Desktop/sebastian/workspaces/js/template-express-ts-firebase/functions/node_modules/firebase-functions/lib/index.js"} {"metadata":{"emulator":{"name":"functions"},"message":"[runtime-status] [89398] Resolved module firebase-functions {\"declared\":true,\"installed\":true,\"version\":\"3.16.0\",\"resolution\":\"/Users/svelo/Desktop/sebastian/workspaces/js/template-express-ts-firebase/functions/node_modules/firebase-functions/lib/index.js\"}"}}
[debug] [2021-11-13T15:40:02.827Z] [runtime-status] [89398] firebase-admin has been stubbed. {"adminResolution":{"declared":true,"installed":true,"version":"9.12.0","resolution":"/Users/svelo/Desktop/sebastian/workspaces/js/template-express-ts-firebase/functions/node_modules/firebase-admin/lib/index.js"}} {"metadata":{"emulator":{"name":"functions"},"message":"[runtime-status] [89398] firebase-admin has been stubbed. {\"adminResolution\":{\"declared\":true,\"installed\":true,\"version\":\"9.12.0\",\"resolution\":\"/Users/svelo/Desktop/sebastian/workspaces/js/template-express-ts-firebase/functions/node_modules/firebase-admin/lib/index.js\"}}"}}
[info] ✔  functions[us-central1-default]: http function initialized (http://localhost:5001/template/us-central1/default). {"metadata":{"emulator":{"name":"functions"},"message":"\u001b[1mhttp\u001b[22m function initialized (http://localhost:5001/template/us-central1/default)."}}
[info] 
┌─────────────────────────────────────────────────────────────┐
│ ✔  All emulators ready! It is now safe to connect your app. │
│ i  View Emulator UI at http://localhost:4000                │
└─────────────────────────────────────────────────────────────┘

┌───────────┬────────────────┬─────────────────────────────────┐
│ Emulator  │ Host:Port      │ View in Emulator UI             │
├───────────┼────────────────┼─────────────────────────────────┤
│ Functions │ localhost:5001 │ http://localhost:4000/functions │
└───────────┴────────────────┴─────────────────────────────────┘
  Emulator Hub running at localhost:4400
  Other reserved ports: 4500

Issues? Report them at https://github.com/firebase/firebase-tools/issues and attach the *-debug.log files.
 
[debug] [2021-11-13T15:40:02.955Z] [worker-~diagnostic~-fdbc3537-d96d-4695-846f-01b90b2f690e]: IDLE {"metadata":{"emulator":{"name":"functions"},"message":"[worker-~diagnostic~-fdbc3537-d96d-4695-846f-01b90b2f690e]: IDLE"}}
[debug] [2021-11-13T15:40:05.929Z] [work-queue] {"queueLength":1,"workRunningCount":0}
[debug] [2021-11-13T15:40:05.929Z] [work-queue] {"queueLength":0,"workRunningCount":1}
[debug] [2021-11-13T15:40:05.930Z] Accepted request GET /template/us-central1/default/layout --> us-central1-default
[debug] [2021-11-13T15:40:05.937Z] [worker-pool] addWorker(us-central1-default) {"metadata":{"emulator":{"name":"functions"},"message":"[worker-pool] addWorker(us-central1-default)"}}
[debug] [2021-11-13T15:40:05.938Z] [worker-pool] Adding worker with key us-central1-default, total=1 {"metadata":{"emulator":{"name":"functions"},"message":"[worker-pool] Adding worker with key us-central1-default, total=1"}}
[debug] [2021-11-13T15:40:05.938Z] [worker-pool] submitWork(triggerId=us-central1-default) {"metadata":{"emulator":{"name":"functions"},"message":"[worker-pool] submitWork(triggerId=us-central1-default)"}}
[debug] [2021-11-13T15:40:05.938Z] [worker-us-central1-default-4f76edaf-8016-41c3-a5d3-ac8bc73fe7a9]: Assigning socketPath: /var/folders/7z/62g3pnwd05q_3l9wx21pp884zwr9wf/T/fire_emu_89402.sock {"metadata":{"emulator":{"name":"functions"},"message":"[worker-us-central1-default-4f76edaf-8016-41c3-a5d3-ac8bc73fe7a9]: Assigning socketPath: /var/folders/7z/62g3pnwd05q_3l9wx21pp884zwr9wf/T/fire_emu_89402.sock"}}
[debug] [2021-11-13T15:40:05.938Z] [worker-us-central1-default-4f76edaf-8016-41c3-a5d3-ac8bc73fe7a9]: BUSY {"metadata":{"emulator":{"name":"functions"},"message":"[worker-us-central1-default-4f76edaf-8016-41c3-a5d3-ac8bc73fe7a9]: BUSY"}}
[debug] [2021-11-13T15:40:06.235Z] [runtime-status] [89402] Functions runtime initialized. {"cwd":"/Users/svelo/Desktop/sebastian/workspaces/js/template-express-ts-firebase/functions","node_version":"14.16.1"} {"metadata":{"emulator":{"name":"functions"},"function":{"name":"us-central1-default"},"message":"[runtime-status] [89402] Functions runtime initialized. {\"cwd\":\"/Users/svelo/Desktop/sebastian/workspaces/js/template-express-ts-firebase/functions\",\"node_version\":\"14.16.1\"}"}}
[debug] [2021-11-13T15:40:06.238Z] [runtime-status] [89402] Disabled runtime features: undefined {"metadata":{"emulator":{"name":"functions"},"function":{"name":"us-central1-default"},"message":"[runtime-status] [89402] Disabled runtime features: undefined"}}
[debug] [2021-11-13T15:40:06.241Z] [runtime-status] [89402] Resolved module firebase-admin {"declared":true,"installed":true,"version":"9.12.0","resolution":"/Users/svelo/Desktop/sebastian/workspaces/js/template-express-ts-firebase/functions/node_modules/firebase-admin/lib/index.js"} {"metadata":{"emulator":{"name":"functions"},"function":{"name":"us-central1-default"},"message":"[runtime-status] [89402] Resolved module firebase-admin {\"declared\":true,\"installed\":true,\"version\":\"9.12.0\",\"resolution\":\"/Users/svelo/Desktop/sebastian/workspaces/js/template-express-ts-firebase/functions/node_modules/firebase-admin/lib/index.js\"}"}}
[debug] [2021-11-13T15:40:06.245Z] [runtime-status] [89402] Resolved module firebase-functions {"declared":true,"installed":true,"version":"3.16.0","resolution":"/Users/svelo/Desktop/sebastian/workspaces/js/template-express-ts-firebase/functions/node_modules/firebase-functions/lib/index.js"} {"metadata":{"emulator":{"name":"functions"},"function":{"name":"us-central1-default"},"message":"[runtime-status] [89402] Resolved module firebase-functions {\"declared\":true,\"installed\":true,\"version\":\"3.16.0\",\"resolution\":\"/Users/svelo/Desktop/sebastian/workspaces/js/template-express-ts-firebase/functions/node_modules/firebase-functions/lib/index.js\"}"}}
[debug] [2021-11-13T15:40:06.248Z] [runtime-status] [89402] Resolved module firebase-functions {"declared":true,"installed":true,"version":"3.16.0","resolution":"/Users/svelo/Desktop/sebastian/workspaces/js/template-express-ts-firebase/functions/node_modules/firebase-functions/lib/index.js"} {"metadata":{"emulator":{"name":"functions"},"function":{"name":"us-central1-default"},"message":"[runtime-status] [89402] Resolved module firebase-functions {\"declared\":true,\"installed\":true,\"version\":\"3.16.0\",\"resolution\":\"/Users/svelo/Desktop/sebastian/workspaces/js/template-express-ts-firebase/functions/node_modules/firebase-functions/lib/index.js\"}"}}
[debug] [2021-11-13T15:40:06.250Z] [runtime-status] [89402] Outgoing network have been stubbed. [{"name":"http","status":"mocked"},{"name":"http","status":"mocked"},{"name":"https","status":"mocked"},{"name":"https","status":"mocked"},{"name":"net","status":"mocked"}] {"metadata":{"emulator":{"name":"functions"},"function":{"name":"us-central1-default"},"message":"[runtime-status] [89402] Outgoing network have been stubbed. [{\"name\":\"http\",\"status\":\"mocked\"},{\"name\":\"http\",\"status\":\"mocked\"},{\"name\":\"https\",\"status\":\"mocked\"},{\"name\":\"https\",\"status\":\"mocked\"},{\"name\":\"net\",\"status\":\"mocked\"}]"}}
[debug] [2021-11-13T15:40:06.250Z] [runtime-status] [89402] Resolved module firebase-functions {"declared":true,"installed":true,"version":"3.16.0","resolution":"/Users/svelo/Desktop/sebastian/workspaces/js/template-express-ts-firebase/functions/node_modules/firebase-functions/lib/index.js"} {"metadata":{"emulator":{"name":"functions"},"function":{"name":"us-central1-default"},"message":"[runtime-status] [89402] Resolved module firebase-functions {\"declared\":true,\"installed\":true,\"version\":\"3.16.0\",\"resolution\":\"/Users/svelo/Desktop/sebastian/workspaces/js/template-express-ts-firebase/functions/node_modules/firebase-functions/lib/index.js\"}"}}
[debug] [2021-11-13T15:40:06.290Z] [runtime-status] [89402] Checked functions.config() {"config":{}} {"metadata":{"emulator":{"name":"functions"},"function":{"name":"us-central1-default"},"message":"[runtime-status] [89402] Checked functions.config() {\"config\":{}}"}}
[debug] [2021-11-13T15:40:06.291Z] [runtime-status] [89402] firebase-functions has been stubbed. {"functionsResolution":{"declared":true,"installed":true,"version":"3.16.0","resolution":"/Users/svelo/Desktop/sebastian/workspaces/js/template-express-ts-firebase/functions/node_modules/firebase-functions/lib/index.js"}} {"metadata":{"emulator":{"name":"functions"},"function":{"name":"us-central1-default"},"message":"[runtime-status] [89402] firebase-functions has been stubbed. {\"functionsResolution\":{\"declared\":true,\"installed\":true,\"version\":\"3.16.0\",\"resolution\":\"/Users/svelo/Desktop/sebastian/workspaces/js/template-express-ts-firebase/functions/node_modules/firebase-functions/lib/index.js\"}}"}}
[debug] [2021-11-13T15:40:06.291Z] [runtime-status] [89402] Resolved module firebase-functions {"declared":true,"installed":true,"version":"3.16.0","resolution":"/Users/svelo/Desktop/sebastian/workspaces/js/template-express-ts-firebase/functions/node_modules/firebase-functions/lib/index.js"} {"metadata":{"emulator":{"name":"functions"},"function":{"name":"us-central1-default"},"message":"[runtime-status] [89402] Resolved module firebase-functions {\"declared\":true,\"installed\":true,\"version\":\"3.16.0\",\"resolution\":\"/Users/svelo/Desktop/sebastian/workspaces/js/template-express-ts-firebase/functions/node_modules/firebase-functions/lib/index.js\"}"}}
[debug] [2021-11-13T15:40:06.292Z] [runtime-status] [89402] Resolved module firebase-admin {"declared":true,"installed":true,"version":"9.12.0","resolution":"/Users/svelo/Desktop/sebastian/workspaces/js/template-express-ts-firebase/functions/node_modules/firebase-admin/lib/index.js"} {"metadata":{"emulator":{"name":"functions"},"function":{"name":"us-central1-default"},"message":"[runtime-status] [89402] Resolved module firebase-admin {\"declared\":true,\"installed\":true,\"version\":\"9.12.0\",\"resolution\":\"/Users/svelo/Desktop/sebastian/workspaces/js/template-express-ts-firebase/functions/node_modules/firebase-admin/lib/index.js\"}"}}
[debug] [2021-11-13T15:40:06.293Z] [runtime-status] [89402] Resolved module firebase-functions {"declared":true,"installed":true,"version":"3.16.0","resolution":"/Users/svelo/Desktop/sebastian/workspaces/js/template-express-ts-firebase/functions/node_modules/firebase-functions/lib/index.js"} {"metadata":{"emulator":{"name":"functions"},"function":{"name":"us-central1-default"},"message":"[runtime-status] [89402] Resolved module firebase-functions {\"declared\":true,\"installed\":true,\"version\":\"3.16.0\",\"resolution\":\"/Users/svelo/Desktop/sebastian/workspaces/js/template-express-ts-firebase/functions/node_modules/firebase-functions/lib/index.js\"}"}}
[debug] [2021-11-13T15:40:06.293Z] [runtime-status] [89402] firebase-admin has been stubbed. {"adminResolution":{"declared":true,"installed":true,"version":"9.12.0","resolution":"/Users/svelo/Desktop/sebastian/workspaces/js/template-express-ts-firebase/functions/node_modules/firebase-admin/lib/index.js"}} {"metadata":{"emulator":{"name":"functions"},"function":{"name":"us-central1-default"},"message":"[runtime-status] [89402] firebase-admin has been stubbed. {\"adminResolution\":{\"declared\":true,\"installed\":true,\"version\":\"9.12.0\",\"resolution\":\"/Users/svelo/Desktop/sebastian/workspaces/js/template-express-ts-firebase/functions/node_modules/firebase-admin/lib/index.js\"}}"}}
[debug] [2021-11-13T15:40:06.440Z] [runtime-status] [89402] Trigger "us-central1-default" has been found, beginning invocation! {"metadata":{"emulator":{"name":"functions"},"function":{"name":"us-central1-default"},"message":"[runtime-status] [89402] Trigger \"us-central1-default\" has been found, beginning invocation!"}}
[info] i  functions: Beginning execution of "us-central1-default" {"metadata":{"emulator":{"name":"functions"},"function":{"name":"us-central1-default"},"message":"Beginning execution of \"us-central1-default\""}}
[debug] [2021-11-13T15:40:06.442Z] [runtime-status] [89402] triggerDefinition {"httpsTrigger":{},"name":"default","entryPoint":"default","regions":["us-central1"],"region":"us-central1","id":"us-central1-default"} {"metadata":{"emulator":{"name":"functions"},"function":{"name":"us-central1-default"},"message":"[runtime-status] [89402] triggerDefinition {\"httpsTrigger\":{},\"name\":\"default\",\"entryPoint\":\"default\",\"regions\":[\"us-central1\"],\"region\":\"us-central1\",\"id\":\"us-central1-default\"}"}}
[debug] [2021-11-13T15:40:06.442Z] [runtime-status] [89402] Running us-central1-default in mode HTTPS {"metadata":{"emulator":{"name":"functions"},"function":{"name":"us-central1-default"},"message":"[runtime-status] [89402] Running us-central1-default in mode HTTPS"}}
[debug] [2021-11-13T15:40:06.444Z] [runtime-status] [89402] Attempting to listen to socketPath: /var/folders/7z/62g3pnwd05q_3l9wx21pp884zwr9wf/T/fire_emu_89402.sock {"metadata":{"emulator":{"name":"functions"},"function":{"name":"us-central1-default"},"message":"[runtime-status] [89402] Attempting to listen to socketPath: /var/folders/7z/62g3pnwd05q_3l9wx21pp884zwr9wf/T/fire_emu_89402.sock"}}
[debug] [2021-11-13T15:40:06.448Z] [functions] Runtime ready! Sending request! {"metadata":{"emulator":{"name":"functions"},"message":"[functions] Runtime ready! Sending request!"}}
[debug] [2021-11-13T15:40:06.449Z] [functions] Got req.url=/template/us-central1/default/layout, mapping to path=/layout {"metadata":{"emulator":{"name":"functions"},"message":"[functions] Got req.url=/template/us-central1/default/layout, mapping to path=/layout"}}
[debug] [2021-11-13T15:40:06.454Z] [runtime-status] [89402] Ephemeral server handling GET request {"metadata":{"emulator":{"name":"functions"},"function":{"name":"us-central1-default"},"message":"[runtime-status] [89402] Ephemeral server handling GET request"}}
[info] >  { meta: {}, level: 'info', message: 'HTTP GET /layout' } {"user":"\u001b[32m{ meta: {}, level: 'info', message: 'HTTP GET /layout' }\u001b[39m","metadata":{"emulator":{"name":"functions"},"function":{"name":"us-central1-default"},"message":"\u001b[90m> \u001b[39m \u001b[32m{ meta: {}, level: 'info', message: 'HTTP GET /layout' }\u001b[39m"}}
[debug] [2021-11-13T15:40:06.465Z] [runtime-status] [89402] Ephemeral server survived. {"metadata":{"emulator":{"name":"functions"},"function":{"name":"us-central1-default"},"message":"[runtime-status] [89402] Ephemeral server survived."}}
[info] i  functions: Finished "us-central1-default" in ~1s {"metadata":{"emulator":{"name":"functions"},"function":{"name":"us-central1-default"},"message":"Finished \"us-central1-default\" in ~1s"}}
[debug] [2021-11-13T15:40:06.469Z] [worker-us-central1-default-4f76edaf-8016-41c3-a5d3-ac8bc73fe7a9]: IDLE {"metadata":{"emulator":{"name":"functions"},"message":"[worker-us-central1-default-4f76edaf-8016-41c3-a5d3-ac8bc73fe7a9]: IDLE"}}
[debug] [2021-11-13T15:40:06.469Z] [work-queue] {"queueLength":0,"workRunningCount":0}
[debug] [2021-11-13T15:40:06.500Z] [work-queue] {"queueLength":1,"workRunningCount":0}
[debug] [2021-11-13T15:40:06.501Z] [work-queue] {"queueLength":0,"workRunningCount":1}
[debug] [2021-11-13T15:40:06.501Z] Accepted request GET /template/us-central1/default/home-page --> us-central1-default
[debug] [2021-11-13T15:40:06.501Z] [worker-pool] submitWork(triggerId=us-central1-default) {"metadata":{"emulator":{"name":"functions"},"message":"[worker-pool] submitWork(triggerId=us-central1-default)"}}
[debug] [2021-11-13T15:40:06.501Z] [worker-us-central1-default-4f76edaf-8016-41c3-a5d3-ac8bc73fe7a9]: Assigning socketPath: /var/folders/7z/62g3pnwd05q_3l9wx21pp884zwr9wf/T/fire_emu_89402.sock {"metadata":{"emulator":{"name":"functions"},"message":"[worker-us-central1-default-4f76edaf-8016-41c3-a5d3-ac8bc73fe7a9]: Assigning socketPath: /var/folders/7z/62g3pnwd05q_3l9wx21pp884zwr9wf/T/fire_emu_89402.sock"}}
[debug] [2021-11-13T15:40:06.501Z] [worker-us-central1-default-4f76edaf-8016-41c3-a5d3-ac8bc73fe7a9]: BUSY {"metadata":{"emulator":{"name":"functions"},"message":"[worker-us-central1-default-4f76edaf-8016-41c3-a5d3-ac8bc73fe7a9]: BUSY"}}
[debug] [2021-11-13T15:40:06.501Z] [runtime-status] [89402] Trigger "us-central1-default" has been found, beginning invocation! {"metadata":{"emulator":{"name":"functions"},"function":{"name":"us-central1-default"},"message":"[runtime-status] [89402] Trigger \"us-central1-default\" has been found, beginning invocation!"}}
[info] i  functions: Beginning execution of "us-central1-default" {"metadata":{"emulator":{"name":"functions"},"function":{"name":"us-central1-default"},"message":"Beginning execution of \"us-central1-default\""}}
[debug] [2021-11-13T15:40:06.502Z] [runtime-status] [89402] triggerDefinition {"httpsTrigger":{},"name":"default","entryPoint":"default","regions":["us-central1"],"region":"us-central1","id":"us-central1-default"} {"metadata":{"emulator":{"name":"functions"},"function":{"name":"us-central1-default"},"message":"[runtime-status] [89402] triggerDefinition {\"httpsTrigger\":{},\"name\":\"default\",\"entryPoint\":\"default\",\"regions\":[\"us-central1\"],\"region\":\"us-central1\",\"id\":\"us-central1-default\"}"}}
[debug] [2021-11-13T15:40:06.502Z] [runtime-status] [89402] Running us-central1-default in mode HTTPS {"metadata":{"emulator":{"name":"functions"},"function":{"name":"us-central1-default"},"message":"[runtime-status] [89402] Running us-central1-default in mode HTTPS"}}
[debug] [2021-11-13T15:40:06.502Z] [runtime-status] [89402] Attempting to listen to socketPath: /var/folders/7z/62g3pnwd05q_3l9wx21pp884zwr9wf/T/fire_emu_89402.sock {"metadata":{"emulator":{"name":"functions"},"function":{"name":"us-central1-default"},"message":"[runtime-status] [89402] Attempting to listen to socketPath: /var/folders/7z/62g3pnwd05q_3l9wx21pp884zwr9wf/T/fire_emu_89402.sock"}}
[debug] [2021-11-13T15:40:06.503Z] [functions] Runtime ready! Sending request! {"metadata":{"emulator":{"name":"functions"},"message":"[functions] Runtime ready! Sending request!"}}
[debug] [2021-11-13T15:40:06.504Z] [functions] Got req.url=/template/us-central1/default/home-page, mapping to path=/home-page {"metadata":{"emulator":{"name":"functions"},"message":"[functions] Got req.url=/template/us-central1/default/home-page, mapping to path=/home-page"}}
[debug] [2021-11-13T15:40:06.506Z] [runtime-status] [89402] Ephemeral server handling GET request {"metadata":{"emulator":{"name":"functions"},"function":{"name":"us-central1-default"},"message":"[runtime-status] [89402] Ephemeral server handling GET request"}}
[info] >  { meta: {}, level: 'info', message: 'HTTP GET /home-page' } {"user":"\u001b[32m{ meta: {}, level: 'info', message: 'HTTP GET /home-page' }\u001b[39m","metadata":{"emulator":{"name":"functions"},"function":{"name":"us-central1-default"},"message":"\u001b[90m> \u001b[39m \u001b[32m{ meta: {}, level: 'info', message: 'HTTP GET /home-page' }\u001b[39m"}}
[debug] [2021-11-13T15:40:06.510Z] [runtime-status] [89402] Ephemeral server survived. {"metadata":{"emulator":{"name":"functions"},"function":{"name":"us-central1-default"},"message":"[runtime-status] [89402] Ephemeral server survived."}}
[info] i  functions: Finished "us-central1-default" in ~1s {"metadata":{"emulator":{"name":"functions"},"function":{"name":"us-central1-default"},"message":"Finished \"us-central1-default\" in ~1s"}}
[debug] [2021-11-13T15:40:06.511Z] [worker-us-central1-default-4f76edaf-8016-41c3-a5d3-ac8bc73fe7a9]: IDLE {"metadata":{"emulator":{"name":"functions"},"message":"[worker-us-central1-default-4f76edaf-8016-41c3-a5d3-ac8bc73fe7a9]: IDLE"}}
[debug] [2021-11-13T15:40:06.512Z] [work-queue] {"queueLength":0,"workRunningCount":0}
